2018-12-14 14:33:20,573 | INFO     | Loaded hyper-parameter configuration from file: hparams/default.json
2018-12-14 14:33:20,573 | INFO     | Hyper-parameters: {'num_epochs': 9, 'rnn_hidden_dim': 256, 'glove_dir': './glove.6B', 'filter_size': [2, 3, 4, 5], 'model': 'char_lstm_classifier', 'embedding_dim': 300, 'root_dir': './runs/char_lstm_classifier', 'vocab_size': 10000, 'num_filters': 50, 'char_embedding_dim': 50, 'dropout_keep_prob': 0.5, 'batch_size': 16}
2018-12-14 14:33:24,121 | INFO     | [Step 10] loss: 0.6495, accuracy: 81.25%
2018-12-14 14:33:24,924 | INFO     | [Step 20] loss: 0.6807, accuracy: 56.25%
2018-12-14 14:33:25,650 | INFO     | [Step 30] loss: 0.6982, accuracy: 50.00%
2018-12-14 14:33:26,428 | INFO     | [Step 40] loss: 0.7917, accuracy: 56.25%
2018-12-14 14:33:27,186 | INFO     | [Step 50] loss: 0.6762, accuracy: 62.50%
2018-12-14 14:33:27,939 | INFO     | [Step 60] loss: 0.4781, accuracy: 75.00%
2018-12-14 14:33:28,153 | INFO     | End of epoch 1.
2018-12-14 14:33:28,388 | INFO     | Model saved at: ./runs/char_lstm_classifier/20181214-143320/saves_char_lstm_classifier/model.ckpt-63
2018-12-14 14:33:28,909 | INFO     | [Step 70] loss: 0.6017, accuracy: 56.25%
2018-12-14 14:33:29,704 | INFO     | [Step 80] loss: 0.3413, accuracy: 75.00%
2018-12-14 14:33:30,413 | INFO     | [Step 90] loss: 0.2005, accuracy: 93.75%
2018-12-14 14:33:31,142 | INFO     | [Step 100] loss: 0.4679, accuracy: 75.00%
2018-12-14 14:33:31,924 | INFO     | [Step 110] loss: 0.3898, accuracy: 68.75%
2018-12-14 14:33:32,680 | INFO     | [Step 120] loss: 0.2312, accuracy: 93.75%
2018-12-14 14:33:33,101 | INFO     | End of epoch 2.
2018-12-14 14:33:33,265 | INFO     | Model saved at: ./runs/char_lstm_classifier/20181214-143320/saves_char_lstm_classifier/model.ckpt-126
2018-12-14 14:33:33,565 | INFO     | [Step 130] loss: 0.2440, accuracy: 93.75%
2018-12-14 14:33:34,302 | INFO     | [Step 140] loss: 0.1300, accuracy: 100.00%
2018-12-14 14:33:35,092 | INFO     | [Step 150] loss: 0.1048, accuracy: 100.00%
2018-12-14 14:33:35,803 | INFO     | [Step 160] loss: 0.0401, accuracy: 100.00%
2018-12-14 14:33:36,578 | INFO     | [Step 170] loss: 0.4296, accuracy: 81.25%
2018-12-14 14:33:37,393 | INFO     | [Step 180] loss: 0.1007, accuracy: 93.75%
2018-12-14 14:33:38,108 | INFO     | End of epoch 3.
2018-12-14 14:33:38,275 | INFO     | Model saved at: ./runs/char_lstm_classifier/20181214-143320/saves_char_lstm_classifier/model.ckpt-189
2018-12-14 14:33:38,352 | INFO     | [Step 190] loss: 0.1092, accuracy: 93.75%
2018-12-14 14:33:39,119 | INFO     | [Step 200] loss: 0.1490, accuracy: 93.75%
2018-12-14 14:33:39,909 | INFO     | [Step 210] loss: 0.1426, accuracy: 93.75%
2018-12-14 14:33:40,622 | INFO     | [Step 220] loss: 0.0133, accuracy: 100.00%
2018-12-14 14:33:41,413 | INFO     | [Step 230] loss: 0.1132, accuracy: 93.75%
2018-12-14 14:33:42,172 | INFO     | [Step 240] loss: 0.0203, accuracy: 100.00%
2018-12-14 14:33:42,971 | INFO     | [Step 250] loss: 0.0183, accuracy: 100.00%
2018-12-14 14:33:43,154 | INFO     | End of epoch 4.
2018-12-14 14:33:43,338 | INFO     | Model saved at: ./runs/char_lstm_classifier/20181214-143320/saves_char_lstm_classifier/model.ckpt-252
2018-12-14 14:33:44,095 | INFO     | [Step 260] loss: 0.0096, accuracy: 100.00%
2018-12-14 14:33:44,868 | INFO     | [Step 270] loss: 0.0047, accuracy: 100.00%
2018-12-14 14:33:45,597 | INFO     | [Step 280] loss: 0.0127, accuracy: 100.00%
2018-12-14 14:33:46,334 | INFO     | [Step 290] loss: 0.0008, accuracy: 100.00%
2018-12-14 14:33:47,093 | INFO     | [Step 300] loss: 0.0009, accuracy: 100.00%
2018-12-14 14:33:47,841 | INFO     | [Step 310] loss: 0.0030, accuracy: 100.00%
2018-12-14 14:33:48,191 | INFO     | End of epoch 5.
2018-12-14 14:33:48,430 | INFO     | Model saved at: ./runs/char_lstm_classifier/20181214-143320/saves_char_lstm_classifier/model.ckpt-315
2018-12-14 14:33:48,804 | INFO     | [Step 320] loss: 0.0135, accuracy: 100.00%
2018-12-14 14:33:49,596 | INFO     | [Step 330] loss: 0.0026, accuracy: 100.00%
2018-12-14 14:33:50,309 | INFO     | [Step 340] loss: 0.0011, accuracy: 100.00%
2018-12-14 14:33:51,031 | INFO     | [Step 350] loss: 0.0014, accuracy: 100.00%
2018-12-14 14:33:51,862 | INFO     | [Step 360] loss: 0.0029, accuracy: 100.00%
2018-12-14 14:33:52,651 | INFO     | [Step 370] loss: 0.0001, accuracy: 100.00%
2018-12-14 14:33:53,275 | INFO     | End of epoch 6.
2018-12-14 14:33:53,449 | INFO     | Model saved at: ./runs/char_lstm_classifier/20181214-143320/saves_char_lstm_classifier/model.ckpt-378
2018-12-14 14:33:53,610 | INFO     | [Step 380] loss: 0.0001, accuracy: 100.00%
2018-12-14 14:33:54,415 | INFO     | [Step 390] loss: 0.0002, accuracy: 100.00%
2018-12-14 14:33:55,206 | INFO     | [Step 400] loss: 0.0018, accuracy: 100.00%
2018-12-14 14:33:56,069 | INFO     | [Step 410] loss: 0.0001, accuracy: 100.00%
2018-12-14 14:33:56,870 | INFO     | [Step 420] loss: 0.0001, accuracy: 100.00%
2018-12-14 14:33:57,615 | INFO     | [Step 430] loss: 0.0002, accuracy: 100.00%
2018-12-14 14:33:59,049 | INFO     | [Step 440] loss: 0.0002, accuracy: 100.00%
2018-12-14 14:33:59,109 | INFO     | End of epoch 7.
2018-12-14 14:33:59,287 | INFO     | Model saved at: ./runs/char_lstm_classifier/20181214-143320/saves_char_lstm_classifier/model.ckpt-441
2018-12-14 14:33:59,951 | INFO     | [Step 450] loss: 0.0003, accuracy: 100.00%
2018-12-14 14:34:00,741 | INFO     | [Step 460] loss: 0.0000, accuracy: 100.00%
2018-12-14 14:34:02,169 | INFO     | [Step 470] loss: 0.0001, accuracy: 100.00%
2018-12-14 14:34:02,918 | INFO     | [Step 480] loss: 0.0001, accuracy: 100.00%
2018-12-14 14:34:03,732 | INFO     | [Step 490] loss: 0.0001, accuracy: 100.00%
2018-12-14 14:34:04,508 | INFO     | [Step 500] loss: 0.0004, accuracy: 100.00%
2018-12-14 14:34:04,793 | INFO     | End of epoch 8.
2018-12-14 14:34:04,962 | INFO     | Model saved at: ./runs/char_lstm_classifier/20181214-143320/saves_char_lstm_classifier/model.ckpt-504
2018-12-14 14:34:05,405 | INFO     | [Step 510] loss: 0.0003, accuracy: 100.00%
2018-12-14 14:34:06,207 | INFO     | [Step 520] loss: 0.0003, accuracy: 100.00%
2018-12-14 14:34:06,924 | INFO     | [Step 530] loss: 0.0002, accuracy: 100.00%
2018-12-14 14:34:07,659 | INFO     | [Step 540] loss: 0.0003, accuracy: 100.00%
2018-12-14 14:34:08,426 | INFO     | [Step 550] loss: 0.0002, accuracy: 100.00%
2018-12-14 14:34:09,175 | INFO     | [Step 560] loss: 0.0001, accuracy: 100.00%
2018-12-14 14:34:09,687 | INFO     | End of epoch 9.
2018-12-14 14:34:09,865 | INFO     | Model saved at: ./runs/char_lstm_classifier/20181214-143320/saves_char_lstm_classifier/model.ckpt-567
