2018-12-14 16:07:25,282 | INFO     | Loaded hyper-parameter configuration from file: hparams/default.json
2018-12-14 16:07:25,282 | INFO     | Hyper-parameters: {'embedding_dim': 300, 'vocab_size': 10000, 'char_embedding_dim': 50, 'num_epochs': 9, 'batch_size': 16, 'filter_size': [2, 3, 4, 5], 'glove_dir': './glove.6B', 'dropout_keep_prob': 0.5, 'rnn_hidden_dim': 256, 'model': 'char_lstm_classifier', 'num_filters': 50, 'root_dir': './runs/char_lstm_classifier'}
2018-12-14 16:07:28,887 | INFO     | [Step 10] loss: 0.6465, accuracy: 68.75%
2018-12-14 16:07:29,677 | INFO     | [Step 20] loss: 0.6742, accuracy: 62.50%
2018-12-14 16:07:30,393 | INFO     | [Step 30] loss: 0.7149, accuracy: 50.00%
2018-12-14 16:07:31,246 | INFO     | [Step 40] loss: 0.7188, accuracy: 62.50%
2018-12-14 16:07:32,174 | INFO     | [Step 50] loss: 0.6619, accuracy: 62.50%
2018-12-14 16:07:32,965 | INFO     | [Step 60] loss: 0.4747, accuracy: 81.25%
2018-12-14 16:07:33,174 | INFO     | End of epoch 1.
2018-12-14 16:07:33,407 | INFO     | Model saved at: ./runs/char_lstm_classifier/20181214-160725/saves_char_lstm_classifier/model.ckpt-63
2018-12-14 16:07:33,917 | INFO     | [Step 70] loss: 0.6599, accuracy: 50.00%
2018-12-14 16:07:34,695 | INFO     | [Step 80] loss: 0.3186, accuracy: 81.25%
2018-12-14 16:07:35,380 | INFO     | [Step 90] loss: 0.2241, accuracy: 87.50%
2018-12-14 16:07:36,118 | INFO     | [Step 100] loss: 0.5348, accuracy: 75.00%
2018-12-14 16:07:36,894 | INFO     | [Step 110] loss: 0.3970, accuracy: 81.25%
2018-12-14 16:07:37,647 | INFO     | [Step 120] loss: 0.2539, accuracy: 93.75%
2018-12-14 16:07:38,068 | INFO     | End of epoch 2.
2018-12-14 16:07:38,236 | INFO     | Model saved at: ./runs/char_lstm_classifier/20181214-160725/saves_char_lstm_classifier/model.ckpt-126
2018-12-14 16:07:38,534 | INFO     | [Step 130] loss: 0.2068, accuracy: 100.00%
2018-12-14 16:07:39,313 | INFO     | [Step 140] loss: 0.1314, accuracy: 100.00%
2018-12-14 16:07:40,136 | INFO     | [Step 150] loss: 0.2538, accuracy: 81.25%
2018-12-14 16:07:40,846 | INFO     | [Step 160] loss: 0.3174, accuracy: 87.50%
2018-12-14 16:07:41,665 | INFO     | [Step 170] loss: 0.3755, accuracy: 87.50%
2018-12-14 16:07:42,410 | INFO     | [Step 180] loss: 0.0485, accuracy: 100.00%
2018-12-14 16:07:43,056 | INFO     | End of epoch 3.
2018-12-14 16:07:43,219 | INFO     | Model saved at: ./runs/char_lstm_classifier/20181214-160725/saves_char_lstm_classifier/model.ckpt-189
2018-12-14 16:07:43,296 | INFO     | [Step 190] loss: 0.1924, accuracy: 87.50%
2018-12-14 16:07:44,035 | INFO     | [Step 200] loss: 0.0961, accuracy: 100.00%
2018-12-14 16:07:44,805 | INFO     | [Step 210] loss: 0.2159, accuracy: 93.75%
2018-12-14 16:07:45,517 | INFO     | [Step 220] loss: 0.0192, accuracy: 100.00%
2018-12-14 16:07:46,272 | INFO     | [Step 230] loss: 0.0576, accuracy: 100.00%
2018-12-14 16:07:47,014 | INFO     | [Step 240] loss: 0.0098, accuracy: 100.00%
2018-12-14 16:07:47,746 | INFO     | [Step 250] loss: 0.0083, accuracy: 100.00%
2018-12-14 16:07:47,877 | INFO     | End of epoch 4.
2018-12-14 16:07:48,040 | INFO     | Model saved at: ./runs/char_lstm_classifier/20181214-160725/saves_char_lstm_classifier/model.ckpt-252
2018-12-14 16:07:48,626 | INFO     | [Step 260] loss: 0.0081, accuracy: 100.00%
2018-12-14 16:07:49,391 | INFO     | [Step 270] loss: 0.0080, accuracy: 100.00%
2018-12-14 16:07:50,134 | INFO     | [Step 280] loss: 0.0136, accuracy: 100.00%
2018-12-14 16:07:50,865 | INFO     | [Step 290] loss: 0.0022, accuracy: 100.00%
2018-12-14 16:07:51,637 | INFO     | [Step 300] loss: 0.0031, accuracy: 100.00%
2018-12-14 16:07:52,374 | INFO     | [Step 310] loss: 0.0018, accuracy: 100.00%
2018-12-14 16:07:52,735 | INFO     | End of epoch 5.
2018-12-14 16:07:52,978 | INFO     | Model saved at: ./runs/char_lstm_classifier/20181214-160725/saves_char_lstm_classifier/model.ckpt-315
2018-12-14 16:07:53,348 | INFO     | [Step 320] loss: 0.2250, accuracy: 93.75%
2018-12-14 16:07:54,391 | INFO     | [Step 330] loss: 0.0094, accuracy: 100.00%
2018-12-14 16:07:55,105 | INFO     | [Step 340] loss: 0.0088, accuracy: 100.00%
2018-12-14 16:07:55,816 | INFO     | [Step 350] loss: 0.0037, accuracy: 100.00%
2018-12-14 16:07:56,591 | INFO     | [Step 360] loss: 0.0022, accuracy: 100.00%
2018-12-14 16:07:57,347 | INFO     | [Step 370] loss: 0.0011, accuracy: 100.00%
2018-12-14 16:07:57,927 | INFO     | End of epoch 6.
2018-12-14 16:07:58,098 | INFO     | Model saved at: ./runs/char_lstm_classifier/20181214-160725/saves_char_lstm_classifier/model.ckpt-378
2018-12-14 16:07:58,243 | INFO     | [Step 380] loss: 0.0003, accuracy: 100.00%
2018-12-14 16:07:58,970 | INFO     | [Step 390] loss: 0.0002, accuracy: 100.00%
2018-12-14 16:07:59,756 | INFO     | [Step 400] loss: 0.0008, accuracy: 100.00%
2018-12-14 16:08:00,461 | INFO     | [Step 410] loss: 0.0001, accuracy: 100.00%
2018-12-14 16:08:01,216 | INFO     | [Step 420] loss: 0.0001, accuracy: 100.00%
2018-12-14 16:08:01,962 | INFO     | [Step 430] loss: 0.0005, accuracy: 100.00%
2018-12-14 16:08:02,707 | INFO     | [Step 440] loss: 0.0004, accuracy: 100.00%
2018-12-14 16:08:02,772 | INFO     | End of epoch 7.
2018-12-14 16:08:02,941 | INFO     | Model saved at: ./runs/char_lstm_classifier/20181214-160725/saves_char_lstm_classifier/model.ckpt-441
2018-12-14 16:08:03,600 | INFO     | [Step 450] loss: 0.0003, accuracy: 100.00%
2018-12-14 16:08:04,361 | INFO     | [Step 460] loss: 0.0000, accuracy: 100.00%
2018-12-14 16:08:05,065 | INFO     | [Step 470] loss: 0.0003, accuracy: 100.00%
2018-12-14 16:08:05,797 | INFO     | [Step 480] loss: 0.0002, accuracy: 100.00%
2018-12-14 16:08:06,555 | INFO     | [Step 490] loss: 0.0002, accuracy: 100.00%
2018-12-14 16:08:07,294 | INFO     | [Step 500] loss: 0.0005, accuracy: 100.00%
2018-12-14 16:08:07,568 | INFO     | End of epoch 8.
2018-12-14 16:08:07,735 | INFO     | Model saved at: ./runs/char_lstm_classifier/20181214-160725/saves_char_lstm_classifier/model.ckpt-504
2018-12-14 16:08:08,183 | INFO     | [Step 510] loss: 0.0002, accuracy: 100.00%
2018-12-14 16:08:08,947 | INFO     | [Step 520] loss: 0.0006, accuracy: 100.00%
2018-12-14 16:08:09,652 | INFO     | [Step 530] loss: 0.0004, accuracy: 100.00%
2018-12-14 16:08:10,363 | INFO     | [Step 540] loss: 0.0003, accuracy: 100.00%
2018-12-14 16:08:11,131 | INFO     | [Step 550] loss: 0.0001, accuracy: 100.00%
2018-12-14 16:08:11,873 | INFO     | [Step 560] loss: 0.0001, accuracy: 100.00%
2018-12-14 16:08:12,364 | INFO     | End of epoch 9.
2018-12-14 16:08:12,536 | INFO     | Model saved at: ./runs/char_lstm_classifier/20181214-160725/saves_char_lstm_classifier/model.ckpt-567
